{"numTotalTestSuites":59,"numPassedTestSuites":59,"numFailedTestSuites":0,"numPendingTestSuites":0,"numTotalTests":143,"numPassedTests":136,"numFailedTests":0,"numPendingTests":7,"numTodoTests":0,"snapshot":{"added":0,"failure":false,"filesAdded":0,"filesRemoved":0,"filesRemovedList":[],"filesUnmatched":0,"filesUpdated":0,"matched":0,"total":0,"unchecked":0,"uncheckedKeysByFile":[],"unmatched":0,"updated":0,"didUpdate":false},"startTime":1770327763122,"success":true,"testResults":[{"assertionResults":[{"ancestorTitles":["Database Migrations - pgcrypto Extension"],"fullName":"Database Migrations - pgcrypto Extension should create pgcrypto extension during migration","status":"skipped","title":"should create pgcrypto extension during migration","failureMessages":[],"meta":{}},{"ancestorTitles":["Database Migrations - pgcrypto Extension"],"fullName":"Database Migrations - pgcrypto Extension should enable gen_random_uuid() function","status":"skipped","title":"should enable gen_random_uuid() function","failureMessages":[],"meta":{}},{"ancestorTitles":["Database Migrations - pgcrypto Extension"],"fullName":"Database Migrations - pgcrypto Extension should generate UUIDs for table primary keys using gen_random_uuid()","status":"skipped","title":"should generate UUIDs for table primary keys using gen_random_uuid()","failureMessages":[],"meta":{}},{"ancestorTitles":["Database Migrations - pgcrypto Extension"],"fullName":"Database Migrations - pgcrypto Extension should be idempotent when run multiple times","status":"skipped","title":"should be idempotent when run multiple times","failureMessages":[],"meta":{}}],"startTime":1770327763122,"endTime":1770327763122,"status":"passed","message":"","name":"/home/runner/work/rosie-middleware/rosie-middleware/packages/backend/src/db/migrations.spec.ts"},{"assertionResults":[{"ancestorTitles":["HealthController"],"fullName":"HealthController should be defined","status":"passed","title":"should be defined","duration":2.030861000000016,"failureMessages":[],"meta":{}}],"startTime":1770327766316,"endTime":1770327766318.0308,"status":"passed","message":"","name":"/home/runner/work/rosie-middleware/rosie-middleware/packages/backend/src/health/health.controller.spec.ts"},{"assertionResults":[{"ancestorTitles":["WebSocket Integration - Real-time Progress"],"fullName":"WebSocket Integration - Real-time Progress should emit complete scan lifecycle via WebSocket","status":"passed","title":"should emit complete scan lifecycle via WebSocket","duration":8.024946,"failureMessages":[],"meta":{}},{"ancestorTitles":["WebSocket Integration - Real-time Progress"],"fullName":"WebSocket Integration - Real-time Progress should emit failure event in error scenarios","status":"passed","title":"should emit failure event in error scenarios","duration":1.0010529999999562,"failureMessages":[],"meta":{}},{"ancestorTitles":["WebSocket Integration - Real-time Progress"],"fullName":"WebSocket Integration - Real-time Progress should handle concurrent scans with isolated events","status":"passed","title":"should handle concurrent scans with isolated events","duration":2.0331749999999147,"failureMessages":[],"meta":{}},{"ancestorTitles":["WebSocket Integration - Real-time Progress"],"fullName":"WebSocket Integration - Real-time Progress should include timestamps in all events","status":"passed","title":"should include timestamps in all events","duration":1.6830029999999851,"failureMessages":[],"meta":{}},{"ancestorTitles":["WebSocket Integration - Real-time Progress"],"fullName":"WebSocket Integration - Real-time Progress should handle rapid progress updates without data loss","status":"passed","title":"should handle rapid progress updates without data loss","duration":7.185446999999954,"failureMessages":[],"meta":{}},{"ancestorTitles":["WebSocket Integration - Real-time Progress"],"fullName":"WebSocket Integration - Real-time Progress should support optional message field in progress events","status":"passed","title":"should support optional message field in progress events","duration":0.7847709999999779,"failureMessages":[],"meta":{}},{"ancestorTitles":["WebSocket Integration - Real-time Progress"],"fullName":"WebSocket Integration - Real-time Progress should maintain event order under concurrent operations","status":"passed","title":"should maintain event order under concurrent operations","duration":1.7103129999999283,"failureMessages":[],"meta":{}}],"startTime":1770327764880,"endTime":1770327764902.7102,"status":"passed","message":"","name":"/home/runner/work/rosie-middleware/rosie-middleware/packages/backend/src/websocket/scan-progress-integration.spec.ts"},{"assertionResults":[{"ancestorTitles":["ScanProgressGateway - WebSocket Real-time Updates","Connection Management"],"fullName":"ScanProgressGateway - WebSocket Real-time Updates Connection Management should handle client connections","status":"passed","title":"should handle client connections","duration":15.819536999999968,"failureMessages":[],"meta":{}},{"ancestorTitles":["ScanProgressGateway - WebSocket Real-time Updates","Connection Management"],"fullName":"ScanProgressGateway - WebSocket Real-time Updates Connection Management should handle client disconnections","status":"passed","title":"should handle client disconnections","duration":3.0547259999999596,"failureMessages":[],"meta":{}},{"ancestorTitles":["ScanProgressGateway - WebSocket Real-time Updates","Scan Progress Events"],"fullName":"ScanProgressGateway - WebSocket Real-time Updates Scan Progress Events should emit scan progress with correct event name and payload","status":"passed","title":"should emit scan progress with correct event name and payload","duration":6.077613000000042,"failureMessages":[],"meta":{}},{"ancestorTitles":["ScanProgressGateway - WebSocket Real-time Updates","Scan Progress Events"],"fullName":"ScanProgressGateway - WebSocket Real-time Updates Scan Progress Events should emit scan progress without optional message","status":"passed","title":"should emit scan progress without optional message","duration":2.4290919999999687,"failureMessages":[],"meta":{}},{"ancestorTitles":["ScanProgressGateway - WebSocket Real-time Updates","Scan Progress Events"],"fullName":"ScanProgressGateway - WebSocket Real-time Updates Scan Progress Events should emit progress updates at different stages","status":"passed","title":"should emit progress updates at different stages","duration":7.026688999999919,"failureMessages":[],"meta":{}},{"ancestorTitles":["ScanProgressGateway - WebSocket Real-time Updates","Scan Complete Events"],"fullName":"ScanProgressGateway - WebSocket Real-time Updates Scan Complete Events should emit scan complete with result payload","status":"passed","title":"should emit scan complete with result payload","duration":2.2065070000001015,"failureMessages":[],"meta":{}},{"ancestorTitles":["ScanProgressGateway - WebSocket Real-time Updates","Scan Complete Events"],"fullName":"ScanProgressGateway - WebSocket Real-time Updates Scan Complete Events should include timestamp in ISO format","status":"passed","title":"should include timestamp in ISO format","duration":1.4929989999999407,"failureMessages":[],"meta":{}},{"ancestorTitles":["ScanProgressGateway - WebSocket Real-time Updates","Scan Failed Events"],"fullName":"ScanProgressGateway - WebSocket Real-time Updates Scan Failed Events should emit scan failed with error message","status":"passed","title":"should emit scan failed with error message","duration":1.6689869999999019,"failureMessages":[],"meta":{}},{"ancestorTitles":["ScanProgressGateway - WebSocket Real-time Updates","Scan Failed Events"],"fullName":"ScanProgressGateway - WebSocket Real-time Updates Scan Failed Events should handle different error types","status":"passed","title":"should handle different error types","duration":2.68883500000004,"failureMessages":[],"meta":{}},{"ancestorTitles":["ScanProgressGateway - WebSocket Real-time Updates","Event Channel Isolation"],"fullName":"ScanProgressGateway - WebSocket Real-time Updates Event Channel Isolation should use scan-specific event channels","status":"passed","title":"should use scan-specific event channels","duration":1.78612499999997,"failureMessages":[],"meta":{}},{"ancestorTitles":["ScanProgressGateway - WebSocket Real-time Updates","Event Channel Isolation"],"fullName":"ScanProgressGateway - WebSocket Real-time Updates Event Channel Isolation should not interfere between different scan events","status":"passed","title":"should not interfere between different scan events","duration":1.6986419999999498,"failureMessages":[],"meta":{}}],"startTime":1770327765465,"endTime":1770327765512.6987,"status":"passed","message":"","name":"/home/runner/work/rosie-middleware/rosie-middleware/packages/backend/src/websocket/scan-progress.gateway.spec.ts"},{"assertionResults":[{"ancestorTitles":["CSV Sanitizer","sanitizeCsvCell"],"fullName":"CSV Sanitizer sanitizeCsvCell should neutralize equals sign formula trigger","status":"passed","title":"should neutralize equals sign formula trigger","duration":1.902702000000005,"failureMessages":[],"meta":{}},{"ancestorTitles":["CSV Sanitizer","sanitizeCsvCell"],"fullName":"CSV Sanitizer sanitizeCsvCell should neutralize plus sign formula trigger","status":"passed","title":"should neutralize plus sign formula trigger","duration":0.3790960000000041,"failureMessages":[],"meta":{}},{"ancestorTitles":["CSV Sanitizer","sanitizeCsvCell"],"fullName":"CSV Sanitizer sanitizeCsvCell should neutralize minus sign formula trigger","status":"passed","title":"should neutralize minus sign formula trigger","duration":0.45052899999998886,"failureMessages":[],"meta":{}},{"ancestorTitles":["CSV Sanitizer","sanitizeCsvCell"],"fullName":"CSV Sanitizer sanitizeCsvCell should neutralize at sign formula trigger","status":"passed","title":"should neutralize at sign formula trigger","duration":0.3314670000000035,"failureMessages":[],"meta":{}},{"ancestorTitles":["CSV Sanitizer","sanitizeCsvCell"],"fullName":"CSV Sanitizer sanitizeCsvCell should neutralize tab character formula trigger","status":"passed","title":"should neutralize tab character formula trigger","duration":0.39532599999998297,"failureMessages":[],"meta":{}},{"ancestorTitles":["CSV Sanitizer","sanitizeCsvCell"],"fullName":"CSV Sanitizer sanitizeCsvCell should neutralize carriage return formula trigger","status":"passed","title":"should neutralize carriage return formula trigger","duration":0.27730600000001004,"failureMessages":[],"meta":{}},{"ancestorTitles":["CSV Sanitizer","sanitizeCsvCell"],"fullName":"CSV Sanitizer sanitizeCsvCell should escape double quotes per RFC 4180","status":"passed","title":"should escape double quotes per RFC 4180","duration":0.23209199999999441,"failureMessages":[],"meta":{}},{"ancestorTitles":["CSV Sanitizer","sanitizeCsvCell"],"fullName":"CSV Sanitizer sanitizeCsvCell should wrap cells containing commas in quotes","status":"passed","title":"should wrap cells containing commas in quotes","duration":0.26948199999998224,"failureMessages":[],"meta":{}},{"ancestorTitles":["CSV Sanitizer","sanitizeCsvCell"],"fullName":"CSV Sanitizer sanitizeCsvCell should wrap cells containing newlines in quotes","status":"passed","title":"should wrap cells containing newlines in quotes","duration":0.3984220000000107,"failureMessages":[],"meta":{}},{"ancestorTitles":["CSV Sanitizer","sanitizeCsvCell"],"fullName":"CSV Sanitizer sanitizeCsvCell should not modify safe text without special characters","status":"passed","title":"should not modify safe text without special characters","duration":0.4503379999999879,"failureMessages":[],"meta":{}},{"ancestorTitles":["CSV Sanitizer","sanitizeCsvCell"],"fullName":"CSV Sanitizer sanitizeCsvCell should handle null and undefined values","status":"passed","title":"should handle null and undefined values","duration":0.3352739999999983,"failureMessages":[],"meta":{}},{"ancestorTitles":["CSV Sanitizer","sanitizeCsvCell"],"fullName":"CSV Sanitizer sanitizeCsvCell should handle numeric values","status":"passed","title":"should handle numeric values","duration":0.48152600000000234,"failureMessages":[],"meta":{}},{"ancestorTitles":["CSV Sanitizer","sanitizeCsvCell"],"fullName":"CSV Sanitizer sanitizeCsvCell should handle complex CSV injection payloads","status":"passed","title":"should handle complex CSV injection payloads","duration":1.981899999999996,"failureMessages":[],"meta":{}},{"ancestorTitles":["CSV Sanitizer","sanitizeCsvRow"],"fullName":"CSV Sanitizer sanitizeCsvRow should sanitize all cells in a row","status":"passed","title":"should sanitize all cells in a row","duration":0.3426080000000127,"failureMessages":[],"meta":{}},{"ancestorTitles":["CSV Sanitizer","sanitizeCsvRow"],"fullName":"CSV Sanitizer sanitizeCsvRow should handle empty rows","status":"passed","title":"should handle empty rows","duration":0.31691000000000713,"failureMessages":[],"meta":{}},{"ancestorTitles":["CSV Sanitizer","sanitizeCsv"],"fullName":"CSV Sanitizer sanitizeCsv should sanitize headers and rows","status":"passed","title":"should sanitize headers and rows","duration":0.541277999999977,"failureMessages":[],"meta":{}},{"ancestorTitles":["CSV Sanitizer","sanitizeCsv"],"fullName":"CSV Sanitizer sanitizeCsv should sanitize realistic audit trail data","status":"passed","title":"should sanitize realistic audit trail data","duration":0.40772899999998913,"failureMessages":[],"meta":{}}],"startTime":1770327764820,"endTime":1770327764830.4077,"status":"passed","message":"","name":"/home/runner/work/rosie-middleware/rosie-middleware/packages/backend/src/common/utils/csv-sanitizer.spec.ts"},{"assertionResults":[{"ancestorTitles":["ApiKeyService - API Key Management","API Key Generation"],"fullName":"ApiKeyService - API Key Management API Key Generation should generate API key with correct prefix","status":"passed","title":"should generate API key with correct prefix","duration":8.826579999999922,"failureMessages":[],"meta":{}},{"ancestorTitles":["ApiKeyService - API Key Management","API Key Generation"],"fullName":"ApiKeyService - API Key Management API Key Generation should store API key hash, not the key itself","status":"passed","title":"should store API key hash, not the key itself","duration":2.2596959999999626,"failureMessages":[],"meta":{}},{"ancestorTitles":["ApiKeyService - API Key Management","API Key Generation"],"fullName":"ApiKeyService - API Key Management API Key Generation should support optional expiration date","status":"passed","title":"should support optional expiration date","duration":1.9151650000000018,"failureMessages":[],"meta":{}},{"ancestorTitles":["ApiKeyService - API Key Management","API Key Generation"],"fullName":"ApiKeyService - API Key Management API Key Generation should support custom scopes","status":"passed","title":"should support custom scopes","duration":0.8915600000000268,"failureMessages":[],"meta":{}},{"ancestorTitles":["ApiKeyService - API Key Management","API Key Validation"],"fullName":"ApiKeyService - API Key Management API Key Validation should validate correct API key and return user info","status":"passed","title":"should validate correct API key and return user info","duration":2.7843829999999343,"failureMessages":[],"meta":{}},{"ancestorTitles":["ApiKeyService - API Key Management","API Key Validation"],"fullName":"ApiKeyService - API Key Management API Key Validation should reject revoked API key","status":"passed","title":"should reject revoked API key","duration":1.1107670000000098,"failureMessages":[],"meta":{}},{"ancestorTitles":["ApiKeyService - API Key Management","API Key Validation"],"fullName":"ApiKeyService - API Key Management API Key Validation should reject expired API key","status":"passed","title":"should reject expired API key","duration":0.7373929999999973,"failureMessages":[],"meta":{}},{"ancestorTitles":["ApiKeyService - API Key Management","API Key Validation"],"fullName":"ApiKeyService - API Key Management API Key Validation should reject invalid/unknown API key","status":"passed","title":"should reject invalid/unknown API key","duration":0.666610999999989,"failureMessages":[],"meta":{}},{"ancestorTitles":["ApiKeyService - API Key Management","API Key Validation"],"fullName":"ApiKeyService - API Key Management API Key Validation should update lastUsedAt timestamp on successful validation","status":"passed","title":"should update lastUsedAt timestamp on successful validation","duration":1.0453360000000202,"failureMessages":[],"meta":{}},{"ancestorTitles":["ApiKeyService - API Key Management","API Key Revocation"],"fullName":"ApiKeyService - API Key Management API Key Revocation should revoke API key by ID","status":"passed","title":"should revoke API key by ID","duration":1.3732159999999567,"failureMessages":[],"meta":{}},{"ancestorTitles":["ApiKeyService - API Key Management","API Key Revocation"],"fullName":"ApiKeyService - API Key Management API Key Revocation should set isRevoked=true and revokedAt timestamp","status":"passed","title":"should set isRevoked=true and revokedAt timestamp","duration":1.7794119999999793,"failureMessages":[],"meta":{}},{"ancestorTitles":["ApiKeyService - API Key Management","Security"],"fullName":"ApiKeyService - API Key Management Security should generate cryptographically random API keys","status":"passed","title":"should generate cryptographically random API keys","duration":1.3639490000000478,"failureMessages":[],"meta":{}},{"ancestorTitles":["ApiKeyService - API Key Management","Security"],"fullName":"ApiKeyService - API Key Management Security should use SHA-256 for key hashing","status":"passed","title":"should use SHA-256 for key hashing","duration":1.968434000000002,"failureMessages":[],"meta":{}}],"startTime":1770327764132,"endTime":1770327764159.9685,"status":"passed","message":"","name":"/home/runner/work/rosie-middleware/rosie-middleware/packages/backend/src/modules/auth/api-key.service.spec.ts"},{"assertionResults":[{"ancestorTitles":["ComplianceReportService - CSV Export Integration"],"fullName":"ComplianceReportService - CSV Export Integration should prevent CSV injection in audit trail export","status":"skipped","title":"should prevent CSV injection in audit trail export","failureMessages":[],"meta":{}},{"ancestorTitles":["ComplianceReportService - CSV Export Integration"],"fullName":"ComplianceReportService - CSV Export Integration should export normal audit data without corruption","status":"skipped","title":"should export normal audit data without corruption","failureMessages":[],"meta":{}},{"ancestorTitles":["ComplianceReportService - CSV Export Integration"],"fullName":"ComplianceReportService - CSV Export Integration should handle special characters in audit data","status":"skipped","title":"should handle special characters in audit data","failureMessages":[],"meta":{}}],"startTime":1770327763122,"endTime":1770327763122,"status":"passed","message":"","name":"/home/runner/work/rosie-middleware/rosie-middleware/packages/backend/src/modules/compliance/compliance-report.integration.spec.ts"},{"assertionResults":[{"ancestorTitles":["PdfGeneratorService - Compliance Report PDF Generation","PDF Buffer Generation"],"fullName":"PdfGeneratorService - Compliance Report PDF Generation PDF Buffer Generation should generate PDF as a Buffer","status":"passed","title":"should generate PDF as a Buffer","duration":49.63272800000004,"failureMessages":[],"meta":{}},{"ancestorTitles":["PdfGeneratorService - Compliance Report PDF Generation","PDF Buffer Generation"],"fullName":"PdfGeneratorService - Compliance Report PDF Generation PDF Buffer Generation should generate valid PDF header","status":"passed","title":"should generate valid PDF header","duration":14.017291999999998,"failureMessages":[],"meta":{}},{"ancestorTitles":["PdfGeneratorService - Compliance Report PDF Generation","PDF Buffer Generation"],"fullName":"PdfGeneratorService - Compliance Report PDF Generation PDF Buffer Generation should generate deterministic PDF size","status":"passed","title":"should generate deterministic PDF size","duration":45.78761999999995,"failureMessages":[],"meta":{}},{"ancestorTitles":["PdfGeneratorService - Compliance Report PDF Generation","PDF Content Validation"],"fullName":"PdfGeneratorService - Compliance Report PDF Generation PDF Content Validation should include report title in PDF metadata","status":"passed","title":"should include report title in PDF metadata","duration":23.44178499999998,"failureMessages":[],"meta":{}},{"ancestorTitles":["PdfGeneratorService - Compliance Report PDF Generation","PDF Content Validation"],"fullName":"PdfGeneratorService - Compliance Report PDF Generation PDF Content Validation should generate PDF with multiple pages for complete report","status":"passed","title":"should generate PDF with multiple pages for complete report","duration":20.541505999999913,"failureMessages":[],"meta":{}},{"ancestorTitles":["PdfGeneratorService - Compliance Report PDF Generation","PDF Content Validation"],"fullName":"PdfGeneratorService - Compliance Report PDF Generation PDF Content Validation should include PDF font definitions for text rendering","status":"passed","title":"should include PDF font definitions for text rendering","duration":16.832853,"failureMessages":[],"meta":{}},{"ancestorTitles":["PdfGeneratorService - Compliance Report PDF Generation","PDF Content Validation"],"fullName":"PdfGeneratorService - Compliance Report PDF Generation PDF Content Validation should include compressed content streams","status":"passed","title":"should include compressed content streams","duration":15.842779999999948,"failureMessages":[],"meta":{}},{"ancestorTitles":["PdfGeneratorService - Compliance Report PDF Generation","PDF Content Validation"],"fullName":"PdfGeneratorService - Compliance Report PDF Generation PDF Content Validation should include report metadata in PDF info","status":"passed","title":"should include report metadata in PDF info","duration":15.288216999999918,"failureMessages":[],"meta":{}},{"ancestorTitles":["PdfGeneratorService - Compliance Report PDF Generation","PDF Content Validation"],"fullName":"PdfGeneratorService - Compliance Report PDF Generation PDF Content Validation should have proper PDF catalog structure","status":"passed","title":"should have proper PDF catalog structure","duration":12.856751999999915,"failureMessages":[],"meta":{}},{"ancestorTitles":["PdfGeneratorService - Compliance Report PDF Generation","PDF Content Validation"],"fullName":"PdfGeneratorService - Compliance Report PDF Generation PDF Content Validation should include creation date in PDF","status":"passed","title":"should include creation date in PDF","duration":14.307321000000002,"failureMessages":[],"meta":{}},{"ancestorTitles":["PdfGeneratorService - Compliance Report PDF Generation","Edge Cases"],"fullName":"PdfGeneratorService - Compliance Report PDF Generation Edge Cases should handle minimal report data","status":"passed","title":"should handle minimal report data","duration":13.581552000000102,"failureMessages":[],"meta":{}},{"ancestorTitles":["PdfGeneratorService - Compliance Report PDF Generation","Edge Cases"],"fullName":"PdfGeneratorService - Compliance Report PDF Generation Edge Cases should handle long text content without overflow","status":"passed","title":"should handle long text content without overflow","duration":15.439620000000104,"failureMessages":[],"meta":{}},{"ancestorTitles":["PdfGeneratorService - Compliance Report PDF Generation","Edge Cases"],"fullName":"PdfGeneratorService - Compliance Report PDF Generation Edge Cases should handle special characters in text","status":"passed","title":"should handle special characters in text","duration":11.282451000000037,"failureMessages":[],"meta":{}},{"ancestorTitles":["PdfGeneratorService - Compliance Report PDF Generation","Performance"],"fullName":"PdfGeneratorService - Compliance Report PDF Generation Performance should generate PDF in reasonable time","status":"passed","title":"should generate PDF in reasonable time","duration":16.396300999999994,"failureMessages":[],"meta":{}}],"startTime":1770327763984,"endTime":1770327764270.3962,"status":"passed","message":"","name":"/home/runner/work/rosie-middleware/rosie-middleware/packages/backend/src/modules/compliance/pdf-generator.service.spec.ts"},{"assertionResults":[{"ancestorTitles":["RiskAssessmentService - Traceability Chain"],"fullName":"RiskAssessmentService - Traceability Chain should calculate coverage via proper REQ → US → Spec chain","status":"passed","title":"should calculate coverage via proper REQ → US → Spec chain","duration":2.6985429999999724,"failureMessages":[],"meta":{}},{"ancestorTitles":["RiskAssessmentService - Traceability Chain"],"fullName":"RiskAssessmentService - Traceability Chain should detect requirements with no user stories as uncovered","status":"passed","title":"should detect requirements with no user stories as uncovered","duration":0.38582800000006046,"failureMessages":[],"meta":{}},{"ancestorTitles":["RiskAssessmentService - Traceability Chain"],"fullName":"RiskAssessmentService - Traceability Chain should detect requirements with user stories but no specs as uncovered","status":"passed","title":"should detect requirements with user stories but no specs as uncovered","duration":0.3142849999999271,"failureMessages":[],"meta":{}},{"ancestorTitles":["RiskAssessmentService - Traceability Chain"],"fullName":"RiskAssessmentService - Traceability Chain should return 100% coverage when all requirements have complete chains","status":"passed","title":"should return 100% coverage when all requirements have complete chains","duration":0.4800229999999601,"failureMessages":[],"meta":{}},{"ancestorTitles":["RiskAssessmentService - Traceability Chain"],"fullName":"RiskAssessmentService - Traceability Chain should return 0 when no requirements exist","status":"passed","title":"should return 0 when no requirements exist","duration":0.3396420000000262,"failureMessages":[],"meta":{}},{"ancestorTitles":["RiskAssessmentService - Traceability Chain"],"fullName":"RiskAssessmentService - Traceability Chain should detect broken user story to requirement links","status":"passed","title":"should detect broken user story to requirement links","duration":2.317604000000074,"failureMessages":[],"meta":{}},{"ancestorTitles":["RiskAssessmentService - Traceability Chain"],"fullName":"RiskAssessmentService - Traceability Chain should detect broken spec to user story links","status":"passed","title":"should detect broken spec to user story links","duration":0.48152600000003076,"failureMessages":[],"meta":{}},{"ancestorTitles":["RiskAssessmentService - Traceability Chain"],"fullName":"RiskAssessmentService - Traceability Chain should detect missing parent IDs as broken links","status":"passed","title":"should detect missing parent IDs as broken links","duration":0.6662900000000036,"failureMessages":[],"meta":{}},{"ancestorTitles":["RiskAssessmentService - Traceability Chain"],"fullName":"RiskAssessmentService - Traceability Chain should return 100% integrity when all chain links are valid","status":"passed","title":"should return 100% integrity when all chain links are valid","duration":0.3243439999999964,"failureMessages":[],"meta":{}},{"ancestorTitles":["RiskAssessmentService - Traceability Chain"],"fullName":"RiskAssessmentService - Traceability Chain should return 100% integrity when no artifacts exist","status":"passed","title":"should return 100% integrity when no artifacts exist","duration":0.48864000000003216,"failureMessages":[],"meta":{}},{"ancestorTitles":["RiskAssessmentService - Traceability Chain"],"fullName":"RiskAssessmentService - Traceability Chain should handle complex multi-level chains with mixed validity","status":"passed","title":"should handle complex multi-level chains with mixed validity","duration":0.7648840000000519,"failureMessages":[],"meta":{}}],"startTime":1770327764728,"endTime":1770327764737.765,"status":"passed","message":"","name":"/home/runner/work/rosie-middleware/rosie-middleware/packages/backend/src/modules/compliance/risk-assessment.service.spec.ts"},{"assertionResults":[{"ancestorTitles":["EvidenceService - Batch Verification"],"fullName":"EvidenceService - Batch Verification should continue batch verification when one evidence fails","status":"passed","title":"should continue batch verification when one evidence fails","duration":7.5236249999999245,"failureMessages":[],"meta":{}},{"ancestorTitles":["EvidenceService - Batch Verification"],"fullName":"EvidenceService - Batch Verification should handle batch verification when all items fail","status":"passed","title":"should handle batch verification when all items fail","duration":2.1312169999999924,"failureMessages":[],"meta":{}},{"ancestorTitles":["EvidenceService - Batch Verification"],"fullName":"EvidenceService - Batch Verification should handle batch verification when all items succeed","status":"passed","title":"should handle batch verification when all items succeed","duration":1.510532000000012,"failureMessages":[],"meta":{}},{"ancestorTitles":["EvidenceService - Batch Verification"],"fullName":"EvidenceService - Batch Verification should handle empty evidence list","status":"passed","title":"should handle empty evidence list","duration":2.056919999999991,"failureMessages":[],"meta":{}},{"ancestorTitles":["EvidenceService - Batch Verification"],"fullName":"EvidenceService - Batch Verification should capture error messages for failed verifications","status":"passed","title":"should capture error messages for failed verifications","duration":1.1590069999999741,"failureMessages":[],"meta":{}},{"ancestorTitles":["EvidenceService - Batch Verification"],"fullName":"EvidenceService - Batch Verification should handle mixed valid and invalid evidence in batch","status":"passed","title":"should handle mixed valid and invalid evidence in batch","duration":4.006838000000016,"failureMessages":[],"meta":{}}],"startTime":1770327765506,"endTime":1770327765525.0068,"status":"passed","message":"","name":"/home/runner/work/rosie-middleware/rosie-middleware/packages/backend/src/modules/evidence/evidence.service.spec.ts"},{"assertionResults":[{"ancestorTitles":["GitHubApiClient - File Content Encoding"],"fullName":"GitHubApiClient - File Content Encoding should decode base64-encoded file content","status":"passed","title":"should decode base64-encoded file content","duration":4.450625000000002,"failureMessages":[],"meta":{}},{"ancestorTitles":["GitHubApiClient - File Content Encoding"],"fullName":"GitHubApiClient - File Content Encoding should handle utf-8 encoded file content","status":"passed","title":"should handle utf-8 encoded file content","duration":1.121528000000012,"failureMessages":[],"meta":{}},{"ancestorTitles":["GitHubApiClient - File Content Encoding"],"fullName":"GitHubApiClient - File Content Encoding should handle utf8 (without hyphen) encoded file content","status":"passed","title":"should handle utf8 (without hyphen) encoded file content","duration":0.5742690000000152,"failureMessages":[],"meta":{}},{"ancestorTitles":["GitHubApiClient - File Content Encoding"],"fullName":"GitHubApiClient - File Content Encoding should fetch large files via Git Blob API when encoding is \"none\"","status":"passed","title":"should fetch large files via Git Blob API when encoding is \"none\"","duration":3.9606220000000008,"failureMessages":[],"meta":{}},{"ancestorTitles":["GitHubApiClient - File Content Encoding"],"fullName":"GitHubApiClient - File Content Encoding should throw error for unsupported encoding types","status":"passed","title":"should throw error for unsupported encoding types","duration":1.9633440000000064,"failureMessages":[],"meta":{}},{"ancestorTitles":["GitHubApiClient - File Content Encoding"],"fullName":"GitHubApiClient - File Content Encoding should throw error when path is a directory","status":"passed","title":"should throw error when path is a directory","duration":0.8588090000000079,"failureMessages":[],"meta":{}},{"ancestorTitles":["GitHubApiClient - File Content Encoding"],"fullName":"GitHubApiClient - File Content Encoding should throw error when response is an array","status":"passed","title":"should throw error when response is an array","duration":0.8395330000000172,"failureMessages":[],"meta":{}},{"ancestorTitles":["GitHubApiClient - File Content Encoding"],"fullName":"GitHubApiClient - File Content Encoding should preserve Unicode characters during decoding","status":"passed","title":"should preserve Unicode characters during decoding","duration":0.6486079999999674,"failureMessages":[],"meta":{}},{"ancestorTitles":["GitHubApiClient - File Content Encoding"],"fullName":"GitHubApiClient - File Content Encoding should handle empty files","status":"passed","title":"should handle empty files","duration":1.0131360000000313,"failureMessages":[],"meta":{}},{"ancestorTitles":["GitHubApiClient - File Content Encoding"],"fullName":"GitHubApiClient - File Content Encoding should handle Git Blob API errors for large files","status":"passed","title":"should handle Git Blob API errors for large files","duration":1.6548200000000293,"failureMessages":[],"meta":{}}],"startTime":1770327766016,"endTime":1770327766033.6548,"status":"passed","message":"","name":"/home/runner/work/rosie-middleware/rosie-middleware/packages/backend/src/modules/github/github-api.client.spec.ts"},{"assertionResults":[{"ancestorTitles":["Delta Detection - Integration Tests (Mocked)","Checksum Storage"],"fullName":"Delta Detection - Integration Tests (Mocked) Checksum Storage should store file checksums on first scan","status":"passed","title":"should store file checksums on first scan","duration":2.594992999999988,"failureMessages":[],"meta":{}},{"ancestorTitles":["Delta Detection - Integration Tests (Mocked)","Checksum Storage"],"fullName":"Delta Detection - Integration Tests (Mocked) Checksum Storage should update checksums on subsequent scans","status":"passed","title":"should update checksums on subsequent scans","duration":0.5611640000000193,"failureMessages":[],"meta":{}},{"ancestorTitles":["Delta Detection - Integration Tests (Mocked)","Checksum Retrieval for Delta Detection"],"fullName":"Delta Detection - Integration Tests (Mocked) Checksum Retrieval for Delta Detection should retrieve all checksums for a repository","status":"passed","title":"should retrieve all checksums for a repository","duration":0.9140009999999847,"failureMessages":[],"meta":{}},{"ancestorTitles":["Delta Detection - Integration Tests (Mocked)","Checksum Retrieval for Delta Detection"],"fullName":"Delta Detection - Integration Tests (Mocked) Checksum Retrieval for Delta Detection should return empty array for repository with no checksums","status":"passed","title":"should return empty array for repository with no checksums","duration":0.2449659999999767,"failureMessages":[],"meta":{}},{"ancestorTitles":["Delta Detection - Integration Tests (Mocked)","Checksum Retrieval for Delta Detection"],"fullName":"Delta Detection - Integration Tests (Mocked) Checksum Retrieval for Delta Detection should only return checksums for specified repository","status":"passed","title":"should only return checksums for specified repository","duration":0.4348899999999958,"failureMessages":[],"meta":{}},{"ancestorTitles":["Delta Detection - Integration Tests (Mocked)","Changed File Detection with Database"],"fullName":"Delta Detection - Integration Tests (Mocked) Changed File Detection with Database should identify changed files by comparing database checksums","status":"passed","title":"should identify changed files by comparing database checksums","duration":0.9432559999999626,"failureMessages":[],"meta":{}},{"ancestorTitles":["Delta Detection - Integration Tests (Mocked)","Changed File Detection with Database"],"fullName":"Delta Detection - Integration Tests (Mocked) Changed File Detection with Database should skip unchanged files","status":"passed","title":"should skip unchanged files","duration":0.5251079999999888,"failureMessages":[],"meta":{}},{"ancestorTitles":["Delta Detection - Integration Tests (Mocked)","Deleted File Handling"],"fullName":"Delta Detection - Integration Tests (Mocked) Deleted File Handling should remove checksums for deleted files","status":"passed","title":"should remove checksums for deleted files","duration":0.8937329999999974,"failureMessages":[],"meta":{}},{"ancestorTitles":["Delta Detection - Integration Tests (Mocked)","Deleted File Handling"],"fullName":"Delta Detection - Integration Tests (Mocked) Deleted File Handling should identify all deleted files","status":"passed","title":"should identify all deleted files","duration":0.5078660000000355,"failureMessages":[],"meta":{}},{"ancestorTitles":["Delta Detection - Integration Tests (Mocked)","Unique Constraint Enforcement"],"fullName":"Delta Detection - Integration Tests (Mocked) Unique Constraint Enforcement should enforce unique constraint on (repository_id, file_path)","status":"passed","title":"should enforce unique constraint on (repository_id, file_path)","duration":1.8737780000000157,"failureMessages":[],"meta":{}},{"ancestorTitles":["Delta Detection - Integration Tests (Mocked)","Unique Constraint Enforcement"],"fullName":"Delta Detection - Integration Tests (Mocked) Unique Constraint Enforcement should allow same file_path for different repositories","status":"passed","title":"should allow same file_path for different repositories","duration":0.6902939999999944,"failureMessages":[],"meta":{}},{"ancestorTitles":["Delta Detection - Integration Tests (Mocked)","Performance Calculation"],"fullName":"Delta Detection - Integration Tests (Mocked) Performance Calculation should calculate performance improvement with real data","status":"passed","title":"should calculate performance improvement with real data","duration":2.232044999999971,"failureMessages":[],"meta":{}},{"ancestorTitles":["Delta Detection - Integration Tests (Mocked)","Performance Calculation"],"fullName":"Delta Detection - Integration Tests (Mocked) Performance Calculation should handle first scan (no checksums)","status":"passed","title":"should handle first scan (no checksums)","duration":0.7945890000000304,"failureMessages":[],"meta":{}},{"ancestorTitles":["Delta Detection - Integration Tests (Mocked)","Cascade Deletion"],"fullName":"Delta Detection - Integration Tests (Mocked) Cascade Deletion should delete all checksums when repository is deleted","status":"passed","title":"should delete all checksums when repository is deleted","duration":0.755455999999981,"failureMessages":[],"meta":{}}],"startTime":1770327763468,"endTime":1770327763483.7554,"status":"passed","message":"","name":"/home/runner/work/rosie-middleware/rosie-middleware/packages/backend/src/modules/scanner/scanner-delta-detection.integration.spec.ts"},{"assertionResults":[{"ancestorTitles":["ScannerService - Incremental Scanning","Delta Detection - Changed Files"],"fullName":"ScannerService - Incremental Scanning Delta Detection - Changed Files should identify files with changed SHAs","status":"passed","title":"should identify files with changed SHAs","duration":5.289165000000025,"failureMessages":[],"meta":{}},{"ancestorTitles":["ScannerService - Incremental Scanning","Delta Detection - Changed Files"],"fullName":"ScannerService - Incremental Scanning Delta Detection - Changed Files should skip files with unchanged SHAs","status":"passed","title":"should skip files with unchanged SHAs","duration":2.111990999999989,"failureMessages":[],"meta":{}},{"ancestorTitles":["ScannerService - Incremental Scanning","Delta Detection - Deleted Files"],"fullName":"ScannerService - Incremental Scanning Delta Detection - Deleted Files should identify deleted files","status":"passed","title":"should identify deleted files","duration":1.1028129999999692,"failureMessages":[],"meta":{}},{"ancestorTitles":["ScannerService - Incremental Scanning","Delta Detection - Deleted Files"],"fullName":"ScannerService - Incremental Scanning Delta Detection - Deleted Files should handle no deleted files","status":"passed","title":"should handle no deleted files","duration":0.48268799999993917,"failureMessages":[],"meta":{}},{"ancestorTitles":["ScannerService - Incremental Scanning","Performance Metrics"],"fullName":"ScannerService - Incremental Scanning Performance Metrics should calculate correct performance improvement percentage","status":"passed","title":"should calculate correct performance improvement percentage","duration":0.4341180000000122,"failureMessages":[],"meta":{}},{"ancestorTitles":["ScannerService - Incremental Scanning","Performance Metrics"],"fullName":"ScannerService - Incremental Scanning Performance Metrics should handle 100% changed files (first scan)","status":"passed","title":"should handle 100% changed files (first scan)","duration":0.45725099999992835,"failureMessages":[],"meta":{}},{"ancestorTitles":["ScannerService - Incremental Scanning","Performance Metrics"],"fullName":"ScannerService - Incremental Scanning Performance Metrics should handle 0% changed files (no changes)","status":"passed","title":"should handle 0% changed files (no changes)","duration":0.6764890000000605,"failureMessages":[],"meta":{}},{"ancestorTitles":["ScannerService - Incremental Scanning","Edge Cases"],"fullName":"ScannerService - Incremental Scanning Edge Cases should handle empty previous checksums (first scan)","status":"passed","title":"should handle empty previous checksums (first scan)","duration":0.7625600000000077,"failureMessages":[],"meta":{}},{"ancestorTitles":["ScannerService - Incremental Scanning","Edge Cases"],"fullName":"ScannerService - Incremental Scanning Edge Cases should handle empty current files","status":"passed","title":"should handle empty current files","duration":0.6984599999999546,"failureMessages":[],"meta":{}}],"startTime":1770327765621,"endTime":1770327765633.6985,"status":"passed","message":"","name":"/home/runner/work/rosie-middleware/rosie-middleware/packages/backend/src/modules/scanner/scanner-incremental.spec.ts"},{"assertionResults":[{"ancestorTitles":["ScannerService - Full Pipeline Integration"],"fullName":"ScannerService - Full Pipeline Integration should execute complete scan pipeline and persist all artifacts","status":"passed","title":"should execute complete scan pipeline and persist all artifacts","duration":91.33074600000009,"failureMessages":[],"meta":{}},{"ancestorTitles":["ScannerService - Full Pipeline Integration"],"fullName":"ScannerService - Full Pipeline Integration should upsert artifacts on rescan without duplicates","status":"passed","title":"should upsert artifacts on rescan without duplicates","duration":83.53149800000006,"failureMessages":[],"meta":{}},{"ancestorTitles":["ScannerService - Full Pipeline Integration"],"fullName":"ScannerService - Full Pipeline Integration should enforce unique constraints on upsert operations","status":"passed","title":"should enforce unique constraints on upsert operations","duration":26.125380000000177,"failureMessages":[],"meta":{}},{"ancestorTitles":["ScannerService - Full Pipeline Integration"],"fullName":"ScannerService - Full Pipeline Integration should persist all schema fields without type errors","status":"passed","title":"should persist all schema fields without type errors","duration":14.346807000000126,"failureMessages":[],"meta":{}},{"ancestorTitles":["ScannerService - Full Pipeline Integration"],"fullName":"ScannerService - Full Pipeline Integration should update file checksums on rescan","status":"passed","title":"should update file checksums on rescan","duration":18.185709999999972,"failureMessages":[],"meta":{}}],"startTime":1770327764312,"endTime":1770327764546.1858,"status":"passed","message":"","name":"/home/runner/work/rosie-middleware/rosie-middleware/packages/backend/src/modules/scanner/scanner-pipeline.integration.spec.ts"},{"assertionResults":[{"ancestorTitles":["ScannerService - Pagination Integration"],"fullName":"ScannerService - Pagination Integration should return correct first page of scans","status":"passed","title":"should return correct first page of scans","duration":5.412052000000017,"failureMessages":[],"meta":{}},{"ancestorTitles":["ScannerService - Pagination Integration"],"fullName":"ScannerService - Pagination Integration should return correct second page of scans","status":"passed","title":"should return correct second page of scans","duration":1.9066809999999919,"failureMessages":[],"meta":{}},{"ancestorTitles":["ScannerService - Pagination Integration"],"fullName":"ScannerService - Pagination Integration should return partial last page of scans","status":"passed","title":"should return partial last page of scans","duration":1.6966789999999605,"failureMessages":[],"meta":{}},{"ancestorTitles":["ScannerService - Pagination Integration"],"fullName":"ScannerService - Pagination Integration should return correct total count","status":"passed","title":"should return correct total count","duration":1.6557300000000055,"failureMessages":[],"meta":{}},{"ancestorTitles":["ScannerService - Pagination Integration"],"fullName":"ScannerService - Pagination Integration should handle custom limit values","status":"passed","title":"should handle custom limit values","duration":1.995333999999957,"failureMessages":[],"meta":{}},{"ancestorTitles":["ScannerService - Pagination Integration"],"fullName":"ScannerService - Pagination Integration should handle repository with no scans","status":"passed","title":"should handle repository with no scans","duration":7.816589000000022,"failureMessages":[],"meta":{}},{"ancestorTitles":["ScannerService - Pagination Integration"],"fullName":"ScannerService - Pagination Integration should order scans by creation date descending","status":"passed","title":"should order scans by creation date descending","duration":1.4920269999999505,"failureMessages":[],"meta":{}}],"startTime":1770327766081,"endTime":1770327766103.492,"status":"passed","message":"","name":"/home/runner/work/rosie-middleware/rosie-middleware/packages/backend/src/modules/scanner/scanner.integration.spec.ts"},{"assertionResults":[{"ancestorTitles":["ScannerService - Scan Pagination"],"fullName":"ScannerService - Scan Pagination should calculate correct offset for page 1","status":"passed","title":"should calculate correct offset for page 1","duration":1.8291849999999954,"failureMessages":[],"meta":{}},{"ancestorTitles":["ScannerService - Scan Pagination"],"fullName":"ScannerService - Scan Pagination should calculate correct offset for page 2","status":"passed","title":"should calculate correct offset for page 2","duration":0.3638479999999902,"failureMessages":[],"meta":{}},{"ancestorTitles":["ScannerService - Scan Pagination"],"fullName":"ScannerService - Scan Pagination should calculate correct offset for page 3","status":"passed","title":"should calculate correct offset for page 3","duration":0.2892889999999966,"failureMessages":[],"meta":{}},{"ancestorTitles":["ScannerService - Scan Pagination"],"fullName":"ScannerService - Scan Pagination should handle custom limit values","status":"passed","title":"should handle custom limit values","duration":0.36121199999999476,"failureMessages":[],"meta":{}},{"ancestorTitles":["ScannerService - Scan Pagination"],"fullName":"ScannerService - Scan Pagination should calculate total pages correctly","status":"passed","title":"should calculate total pages correctly","duration":0.41075499999999465,"failureMessages":[],"meta":{}},{"ancestorTitles":["ScannerService - Scan Pagination"],"fullName":"ScannerService - Scan Pagination should calculate total pages for exact division","status":"passed","title":"should calculate total pages for exact division","duration":0.2415290000000141,"failureMessages":[],"meta":{}},{"ancestorTitles":["ScannerService - Scan Pagination"],"fullName":"ScannerService - Scan Pagination should handle single item pagination","status":"passed","title":"should handle single item pagination","duration":0.22979799999998818,"failureMessages":[],"meta":{}},{"ancestorTitles":["ScannerService - Scan Pagination"],"fullName":"ScannerService - Scan Pagination should handle empty result set","status":"passed","title":"should handle empty result set","duration":0.2619579999999928,"failureMessages":[],"meta":{}},{"ancestorTitles":["ScannerService - Scan Pagination"],"fullName":"ScannerService - Scan Pagination should calculate hasNext and hasPrevious flags correctly","status":"passed","title":"should calculate hasNext and hasPrevious flags correctly","duration":0.4309220000000096,"failureMessages":[],"meta":{}},{"ancestorTitles":["ScannerService - Scan Pagination"],"fullName":"ScannerService - Scan Pagination should set hasPrevious to false for first page","status":"passed","title":"should set hasPrevious to false for first page","duration":0.2808330000000012,"failureMessages":[],"meta":{}},{"ancestorTitles":["ScannerService - Scan Pagination"],"fullName":"ScannerService - Scan Pagination should set hasNext to false for last page","status":"passed","title":"should set hasNext to false for last page","duration":0.2726169999999968,"failureMessages":[],"meta":{}}],"startTime":1770327766284,"endTime":1770327766289.2727,"status":"passed","message":"","name":"/home/runner/work/rosie-middleware/rosie-middleware/packages/backend/src/modules/scanner/scanner.service.spec.ts"}]}